<?xml version="1.0" encoding="UTF-8"?>
<testng-results skipped="0" failed="0" ignored="0" total="1" passed="1">
  <reporter-output>
  </reporter-output>
  <suite name="Test Suite" duration-ms="23612" started-at="2020-05-21T20:32:58 PKT" finished-at="2020-05-21T20:33:21 PKT">
    <groups>
    </groups>
    <test name="LoginCase" duration-ms="23612" started-at="2020-05-21T20:32:58 PKT" finished-at="2020-05-21T20:33:21 PKT">
      <class name="Com.HackerRankTest.TestCase.LoginTest">
        <test-method status="PASS" signature="testBeforeSuite()[pri:0, instance:Com.HackerRankTest.TestCase.LoginTest@4493d195]" name="testBeforeSuite" is-config="true" duration-ms="17" started-at="2020-05-21T20:32:58 PKT" finished-at="2020-05-21T20:32:58 PKT">
          <reporter-output>
          </reporter-output>
        </test-method> <!-- testBeforeSuite -->
        <test-method status="PASS" signature="setExtent()[pri:0, instance:Com.HackerRankTest.TestCase.LoginTest@4493d195]" name="setExtent" is-config="true" duration-ms="1" started-at="2020-05-21T20:32:58 PKT" finished-at="2020-05-21T20:32:58 PKT">
          <reporter-output>
          </reporter-output>
        </test-method> <!-- setExtent -->
        <test-method status="PASS" signature="setup(java.lang.String)[pri:0, instance:Com.HackerRankTest.TestCase.LoginTest@4493d195]" name="setup" is-config="true" duration-ms="16346" started-at="2020-05-21T20:32:58 PKT" finished-at="2020-05-21T20:33:14 PKT">
          <params>
            <param index="0">
              <value>
                <![CDATA[chrome]]>
              </value>
            </param>
          </params>
          <reporter-output>
          </reporter-output>
        </test-method> <!-- setup -->
        <test-method status="PASS" signature="Setup()[pri:0, instance:Com.HackerRankTest.TestCase.LoginTest@4493d195]" name="Setup" is-config="true" duration-ms="1" started-at="2020-05-21T20:33:14 PKT" finished-at="2020-05-21T20:33:14 PKT">
          <reporter-output>
          </reporter-output>
        </test-method> <!-- Setup -->
        <test-method status="PASS" signature="CreateAccountTest()[pri:0, instance:Com.HackerRankTest.TestCase.LoginTest@4493d195]" name="CreateAccountTest" duration-ms="6355" started-at="2020-05-21T20:33:14 PKT" finished-at="2020-05-21T20:33:20 PKT">
          <reporter-output>
          </reporter-output>
        </test-method> <!-- CreateAccountTest -->
        <test-method status="PASS" signature="tearDown(org.testng.ITestResult)[pri:0, instance:Com.HackerRankTest.TestCase.LoginTest@4493d195]" name="tearDown" is-config="true" duration-ms="802" started-at="2020-05-21T20:33:20 PKT" finished-at="2020-05-21T20:33:21 PKT">
          <params>
            <param index="0">
              <value>
                <![CDATA[[TestResult name=CreateAccountTest status=SUCCESS method=LoginTest.CreateAccountTest()[pri:0, instance:Com.HackerRankTest.TestCase.LoginTest@4493d195] output={null}]]]>
              </value>
            </param>
          </params>
          <reporter-output>
          </reporter-output>
        </test-method> <!-- tearDown -->
        <test-method status="FAIL" signature="tearDown()[pri:0, instance:Com.HackerRankTest.TestCase.LoginTest@4493d195]" name="tearDown" is-config="true" duration-ms="15" started-at="2020-05-21T20:33:21 PKT" finished-at="2020-05-21T20:33:21 PKT">
          <exception class="org.openqa.selenium.NoSuchSessionException">
            <message>
              <![CDATA[Session ID is null. Using WebDriver after calling quit()?
Build info: version: '3.141.59', revision: 'e82be7d358', time: '2018-11-14T08:17:03'
System info: host: 'DESKTOP-U6EFAKA', ip: '192.168.55.2', os.name: 'Windows 10', os.arch: 'amd64', os.version: '10.0', java.version: '1.8.0_211'
Driver info: driver.version: RemoteWebDriver]]>
            </message>
            <full-stacktrace>
              <![CDATA[org.openqa.selenium.NoSuchSessionException: Session ID is null. Using WebDriver after calling quit()?
Build info: version: '3.141.59', revision: 'e82be7d358', time: '2018-11-14T08:17:03'
System info: host: 'DESKTOP-U6EFAKA', ip: '192.168.55.2', os.name: 'Windows 10', os.arch: 'amd64', os.version: '10.0', java.version: '1.8.0_211'
Driver info: driver.version: RemoteWebDriver
at org.openqa.selenium.remote.HttpCommandExecutor.execute(HttpCommandExecutor.java:125)
at org.openqa.selenium.remote.service.DriverCommandExecutor.execute(DriverCommandExecutor.java:83)
at org.openqa.selenium.remote.RemoteWebDriver.execute(RemoteWebDriver.java:552)
at org.openqa.selenium.remote.RemoteWebDriver.execute(RemoteWebDriver.java:609)
at org.openqa.selenium.remote.RemoteWebDriver.close(RemoteWebDriver.java:442)
at Com.HackerRankTest.TestCase.BaseClass.tearDown(BaseClass.java:96)
at sun.reflect.NativeMethodAccessorImpl.invoke0(Native Method)
at sun.reflect.NativeMethodAccessorImpl.invoke(NativeMethodAccessorImpl.java:62)
at sun.reflect.DelegatingMethodAccessorImpl.invoke(DelegatingMethodAccessorImpl.java:43)
at java.lang.reflect.Method.invoke(Method.java:498)
at org.testng.internal.MethodInvocationHelper.invokeMethod(MethodInvocationHelper.java:133)
at org.testng.internal.MethodInvocationHelper.invokeMethodConsideringTimeout(MethodInvocationHelper.java:62)
at org.testng.internal.ConfigInvoker.invokeConfigurationMethod(ConfigInvoker.java:340)
at org.testng.internal.ConfigInvoker.invokeConfigurations(ConfigInvoker.java:294)
at org.testng.internal.TestMethodWorker.invokeAfterClassMethods(TestMethodWorker.java:217)
at org.testng.internal.TestMethodWorker.run(TestMethodWorker.java:130)
at java.util.ArrayList.forEach(ArrayList.java:1257)
at org.testng.TestRunner.privateRun(TestRunner.java:770)
at org.testng.TestRunner.run(TestRunner.java:591)
at org.testng.SuiteRunner.runTest(SuiteRunner.java:402)
at org.testng.SuiteRunner.runSequentially(SuiteRunner.java:396)
at org.testng.SuiteRunner.privateRun(SuiteRunner.java:355)
at org.testng.SuiteRunner.run(SuiteRunner.java:304)
at org.testng.SuiteRunnerWorker.runSuite(SuiteRunnerWorker.java:53)
at org.testng.SuiteRunnerWorker.run(SuiteRunnerWorker.java:96)
at org.testng.TestNG.runSuitesSequentially(TestNG.java:1180)
at org.testng.TestNG.runSuitesLocally(TestNG.java:1102)
at org.testng.TestNG.runSuites(TestNG.java:1032)
at org.testng.TestNG.run(TestNG.java:1000)
at org.testng.remote.AbstractRemoteTestNG.run(AbstractRemoteTestNG.java:115)
at org.testng.remote.RemoteTestNG.initAndRun(RemoteTestNG.java:251)
at org.testng.remote.RemoteTestNG.main(RemoteTestNG.java:77)
]]>
            </full-stacktrace>
          </exception> <!-- org.openqa.selenium.NoSuchSessionException -->
          <reporter-output>
          </reporter-output>
        </test-method> <!-- tearDown -->
        <test-method status="PASS" signature="AfterTest()[pri:0, instance:Com.HackerRankTest.TestCase.LoginTest@4493d195]" name="AfterTest" is-config="true" duration-ms="0" started-at="2020-05-21T20:33:21 PKT" finished-at="2020-05-21T20:33:21 PKT">
          <reporter-output>
          </reporter-output>
        </test-method> <!-- AfterTest -->
        <test-method status="PASS" signature="testAfterSuite()[pri:0, instance:Com.HackerRankTest.TestCase.LoginTest@4493d195]" name="testAfterSuite" is-config="true" duration-ms="1" started-at="2020-05-21T20:33:21 PKT" finished-at="2020-05-21T20:33:21 PKT">
          <reporter-output>
          </reporter-output>
        </test-method> <!-- testAfterSuite -->
      </class> <!-- Com.HackerRankTest.TestCase.LoginTest -->
    </test> <!-- LoginCase -->
  </suite> <!-- Test Suite -->
</testng-results>
