<?xml version="1.0" encoding="UTF-8"?>
<!-- Generated by org.testng.reporters.JUnitXMLReporter -->
<testsuite hostname="DESKTOP-U6EFAKA" ignored="12" name="LoginCase" tests="4" failures="0" timestamp="2020-05-23T16:33:23 PKT" time="132.293" errors="0">
  <testcase name="CreateAccountTest" time="9.908" classname="Com.HackerRankTest.TestCase.LoginTest"/>
  <testcase name="RequiredFilds" time="3.88" classname="Com.HackerRankTest.TestCase.TestRequiredFilds"/>
  <testcase name="LoginDDFReadExcelData" time="30.206" classname="Com.HackerRankTest.TestCase.DDTestCase"/>
  <testcase name="CaseAddProduct" time="19.154" classname="Com.HackerRankTest.TestCase.TestCaseAddProduct"/>
  <testcase name="@BeforeSuite testBeforeSuite" time="0.0" classname="Com.HackerRankTest.TestCase.BaseClass">
    <ignored/>
  </testcase> <!-- @BeforeSuite testBeforeSuite -->
  <testcase name="@BeforeSuite testBeforeSuite" time="0.0" classname="Com.HackerRankTest.TestCase.BaseClass">
    <ignored/>
  </testcase> <!-- @BeforeSuite testBeforeSuite -->
  <testcase name="@BeforeSuite testBeforeSuite" time="0.0" classname="Com.HackerRankTest.TestCase.BaseClass">
    <ignored/>
  </testcase> <!-- @BeforeSuite testBeforeSuite -->
  <testcase name="@AfterTest AfterTest" time="0.0" classname="Com.HackerRankTest.TestCase.BaseClass">
    <ignored/>
  </testcase> <!-- @AfterTest AfterTest -->
  <testcase name="@AfterTest AfterTest" time="0.0" classname="Com.HackerRankTest.TestCase.BaseClass">
    <ignored/>
  </testcase> <!-- @AfterTest AfterTest -->
  <testcase name="@AfterTest AfterTest" time="0.0" classname="Com.HackerRankTest.TestCase.BaseClass">
    <ignored/>
  </testcase> <!-- @AfterTest AfterTest -->
  <testcase name="@BeforeTest setExtent" time="0.0" classname="Com.HackerRankTest.TestCase.BaseClass">
    <ignored/>
  </testcase> <!-- @BeforeTest setExtent -->
  <testcase name="@BeforeTest setExtent" time="0.0" classname="Com.HackerRankTest.TestCase.BaseClass">
    <ignored/>
  </testcase> <!-- @BeforeTest setExtent -->
  <testcase name="@BeforeTest setExtent" time="0.0" classname="Com.HackerRankTest.TestCase.BaseClass">
    <ignored/>
  </testcase> <!-- @BeforeTest setExtent -->
  <testcase name="@AfterSuite testAfterSuite" time="0.0" classname="Com.HackerRankTest.TestCase.BaseClass">
    <ignored/>
  </testcase> <!-- @AfterSuite testAfterSuite -->
  <testcase name="@AfterSuite testAfterSuite" time="0.0" classname="Com.HackerRankTest.TestCase.BaseClass">
    <ignored/>
  </testcase> <!-- @AfterSuite testAfterSuite -->
  <testcase name="@AfterSuite testAfterSuite" time="0.0" classname="Com.HackerRankTest.TestCase.BaseClass">
    <ignored/>
  </testcase> <!-- @AfterSuite testAfterSuite -->
</testsuite> <!-- LoginCase -->
